This is pdfTeX, Version 3.1415926-2.5-1.40.14 (TeX Live 2013/Debian) (format=pdflatex 2015.2.27)  15 APR 2015 21:03
entering extended mode
 restricted \write18 enabled.
 %&-line parsing enabled.
**litoska.tex
(./litoska.tex
LaTeX2e <2011/06/27>
Babel <3.9h> and hyphenation patterns for 6 languages loaded.

! LaTeX Error: Environment thebibliography undefined.

See the LaTeX manual or LaTeX Companion for explanation.
Type  H <return>  for immediate help.
 ...                                              
                                                  
l.3 \begin{thebibliography}
                           {10}
Your command was ignored.
Type  I <command> <return>  to replace it with another command,
or  <return>  to continue without it.


! LaTeX Error: Missing \begin{document}.

See the LaTeX manual or LaTeX Companion for explanation.
Type  H <return>  for immediate help.
 ...                                              
                                                  
l.3 \begin{thebibliography}{1
                             0}
You're in trouble here.  Try typing  <return>  to proceed.
If that doesn't work, type  X <return>  to quit.

Missing character: There is no 1 in font nullfont!
Missing character: There is no 0 in font nullfont!

Overfull \hbox (20.0pt too wide) in paragraph at lines 3--4
[] 
 []


! LaTeX Error: Lonely \item--perhaps a missing list environment.

See the LaTeX manual or LaTeX Companion for explanation.
Type  H <return>  for immediate help.
 ...                                              
                                                  
l.5 	\bibitem[1]{nitro}
                       
Try typing  <return>  to proceed.
If that doesn't work, type  X <return>  to quit.

\bibcite{nitro}{1}
! Undefined control sequence.
l.7 		{\bf
           ≈°irokop√°smov√Ω vf zesilovaƒç $[$\textmd{online}$]$ $[$\textmd{c...
The control sequence at the end of the top line
of your error message was never \def'ed. If you have
misspelled it (e.g., `\hobx'), type `I' and the correct
spelling (e.g., `I\hbox'). Otherwise just continue,
and I'll forget about whatever was undefined.

Missing character: There is no ≈ in font nullfont!
Missing character: There is no ° in font nullfont!
Missing character: There is no i in font nullfont!
Missing character: There is no r in font nullfont!
Missing character: There is no o in font nullfont!
Missing character: There is no k in font nullfont!
Missing character: There is no o in font nullfont!
Missing character: There is no p in font nullfont!
Missing character: There is no √ in font nullfont!
Missing character: There is no ° in font nullfont!
Missing character: There is no s in font nullfont!
Missing character: There is no m in font nullfont!
Missing character: There is no o in font nullfont!
Missing character: There is no v in font nullfont!
Missing character: There is no √ in font nullfont!
Missing character: There is no Ω in font nullfont!
Missing character: There is no v in font nullfont!
Missing character: There is no f in font nullfont!
Missing character: There is no z in font nullfont!
Missing character: There is no e in font nullfont!
Missing character: There is no s in font nullfont!
Missing character: There is no i in font nullfont!
Missing character: There is no l in font nullfont!
Missing character: There is no o in font nullfont!
Missing character: There is no v in font nullfont!
Missing character: There is no a in font nullfont!
Missing character: There is no ƒ in font nullfont!
Missing character: There is no ç in font nullfont!
LaTeX Font Info:    External font `cmex10' loaded for size
(Font)              <7> on input line 7.
LaTeX Font Info:    External font `cmex10' loaded for size
(Font)              <5> on input line 7.
Missing character: There is no D in font nullfont!
Missing character: There is no o in font nullfont!
Missing character: There is no s in font nullfont!
Missing character: There is no t in font nullfont!
Missing character: There is no u in font nullfont!
Missing character: There is no p in font nullfont!
Missing character: There is no n in font nullfont!
Missing character: There is no √ in font nullfont!
Missing character: There is no © in font nullfont!
Missing character: There is no z in font nullfont!
Missing character: There is no : in font nullfont!
! Undefined control sequence.
<recently read> \href 
                      
l.8 ...smova-propust-predzesilovac-pro-160m.html}}
                                                  
The control sequence at the end of the top line
of your error message was never \def'ed. If you have
misspelled it (e.g., `\hobx'), type `I' and the correct
spelling (e.g., `I\hbox'). Otherwise just continue,
and I'll forget about whatever was undefined.


Overfull \hbox (23.66093pt too wide) in paragraph at lines 6--9
\OT1/cmr/m/it/10 Karel
 []


Overfull \hbox (33.52202pt too wide) in paragraph at lines 6--9
\OT1/cmr/m/it/10 OK2ZI:
 []


Overfull \hbox (31.66675pt too wide) in paragraph at lines 6--9
\OT1/cmr/m/n/10 [$online$]$
 []


Overfull \hbox (16.6667pt too wide) in paragraph at lines 6--9
\OT1/cmr/m/n/10 [$cit.
 []


Overfull \hbox (13.33336pt too wide) in paragraph at lines 6--9
\OT1/cmr/m/n/10 11-
 []


Overfull \hbox (8.33334pt too wide) in paragraph at lines 6--9
\OT1/cmr/m/n/10 4-
 []


Overfull \hbox (22.77785pt too wide) in paragraph at lines 6--9
\OT1/cmr/m/n/10 2015$]$ 
 []


Overfull \hbox (524.99542pt too wide) in paragraph at lines 6--9
\OT1/cmtt/m/n/10 http://ok2zi.blogspot.cz/2010/11/pasmova-propust-predzesilovac
-pro-160m.htmlhttp://ok2zi.blogspot.cz 
 []


Overfull \hbox (272.99762pt too wide) in paragraph at lines 6--9
\OT1/cmtt/m/n/10 /2010/11/pasmova-propust-predzesilovac-pro-160m.html 
 []


! LaTeX Error: Lonely \item--perhaps a missing list environment.

See the LaTeX manual or LaTeX Companion for explanation.
Type  H <return>  for immediate help.
 ...                                              
                                                  
l.10 	\bibitem[2]{OK1UNL}
                         
Try typing  <return>  to proceed.
If that doesn't work, type  X <return>  to quit.

\bibcite{OK1UNL}{2}
! Undefined control sequence.
l.12 		{\bf
            √övod do SDR $[$\textmd{online}$]$ $[$\textmd{cit. 13-4-2015}$]$}\\
The control sequence at the end of the top line
of your error message was never \def'ed. If you have
misspelled it (e.g., `\hobx'), type `I' and the correct
spelling (e.g., `I\hbox'). Otherwise just continue,
and I'll forget about whatever was undefined.

Missing character: There is no √ in font nullfont!
Missing character: There is no ö in font nullfont!
Missing character: There is no v in font nullfont!
Missing character: There is no o in font nullfont!
Missing character: There is no d in font nullfont!
Missing character: There is no d in font nullfont!
Missing character: There is no o in font nullfont!
Missing character: There is no S in font nullfont!
Missing character: There is no D in font nullfont!
Missing character: There is no R in font nullfont!
Missing character: There is no D in font nullfont!
Missing character: There is no o in font nullfont!
Missing character: There is no s in font nullfont!
Missing character: There is no t in font nullfont!
Missing character: There is no u in font nullfont!
Missing character: There is no p in font nullfont!
Missing character: There is no n in font nullfont!
Missing character: There is no √ in font nullfont!
Missing character: There is no © in font nullfont!
Missing character: There is no z in font nullfont!
Missing character: There is no : in font nullfont!
! Undefined control sequence.
<recently read> \url 
                     
l.13 ...xttt{\url{http://www.ok1cjb.cz/index.php}}
                                                  
The control sequence at the end of the top line
of your error message was never \def'ed. If you have
misspelled it (e.g., `\hobx'), type `I' and the correct
spelling (e.g., `I\hbox'). Otherwise just continue,
and I'll forget about whatever was undefined.


Overfull \hbox (19.81651pt too wide) in paragraph at lines 11--14
\OT1/cmr/m/it/10 Doc.
 []


Overfull \hbox (44.67195pt too wide) in paragraph at lines 11--14
\OT1/cmr/m/it/10 OK1UNL:
 []


Overfull \hbox (31.66675pt too wide) in paragraph at lines 11--14
\OT1/cmr/m/n/10 [$online$]$
 []


Overfull \hbox (16.6667pt too wide) in paragraph at lines 11--14
\OT1/cmr/m/n/10 [$cit.
 []


Overfull \hbox (13.33336pt too wide) in paragraph at lines 11--14
\OT1/cmr/m/n/10 13-
 []


Overfull \hbox (8.33334pt too wide) in paragraph at lines 11--14
\OT1/cmr/m/n/10 4-
 []


Overfull \hbox (22.77785pt too wide) in paragraph at lines 11--14
\OT1/cmr/m/n/10 2015$]$ 
 []


Overfull \hbox (157.49863pt too wide) in paragraph at lines 11--14
\OT1/cmtt/m/n/10 http://www.ok1cjb.cz/index.php 
 []


! LaTeX Error: Lonely \item--perhaps a missing list environment.

See the LaTeX manual or LaTeX Companion for explanation.
Type  H <return>  for immediate help.
 ...                                              
                                                  
l.15 ...[3]{frekvenƒçn√≠ spektrum na v√Ωstupu DDS}
                                                  
Try typing  <return>  to proceed.
If that doesn't work, type  X <return>  to quit.

\bibcite{frekvenƒçn√≠ spektrum na v√Ωstupu DDS}{3}
! Undefined control sequence.
l.17 		{\bf
            Podpora pro v√Ωvoj√°≈ôe DDS gener√°tor≈Ø$[$\textmd{online}$]$ $[...
The control sequence at the end of the top line
of your error message was never \def'ed. If you have
misspelled it (e.g., `\hobx'), type `I' and the correct
spelling (e.g., `I\hbox'). Otherwise just continue,
and I'll forget about whatever was undefined.

Missing character: There is no P in font nullfont!
Missing character: There is no o in font nullfont!
Missing character: There is no d in font nullfont!
Missing character: There is no p in font nullfont!
Missing character: There is no o in font nullfont!
Missing character: There is no r in font nullfont!
Missing character: There is no a in font nullfont!
Missing character: There is no p in font nullfont!
Missing character: There is no r in font nullfont!
Missing character: There is no o in font nullfont!
Missing character: There is no v in font nullfont!
Missing character: There is no √ in font nullfont!
Missing character: There is no Ω in font nullfont!
Missing character: There is no v in font nullfont!
Missing character: There is no o in font nullfont!
Missing character: There is no j in font nullfont!
Missing character: There is no √ in font nullfont!
Missing character: There is no ° in font nullfont!
Missing character: There is no ≈ in font nullfont!
Missing character: There is no ô in font nullfont!
Missing character: There is no e in font nullfont!
Missing character: There is no D in font nullfont!
Missing character: There is no D in font nullfont!
Missing character: There is no S in font nullfont!
Missing character: There is no g in font nullfont!
Missing character: There is no e in font nullfont!
Missing character: There is no n in font nullfont!
Missing character: There is no e in font nullfont!
Missing character: There is no r in font nullfont!
Missing character: There is no √ in font nullfont!
Missing character: There is no ° in font nullfont!
Missing character: There is no t in font nullfont!
Missing character: There is no o in font nullfont!
Missing character: There is no r in font nullfont!
Missing character: There is no ≈ in font nullfont!
Missing character: There is no Ø in font nullfont!
Missing character: There is no D in font nullfont!
Missing character: There is no o in font nullfont!
Missing character: There is no s in font nullfont!
Missing character: There is no t in font nullfont!
Missing character: There is no u in font nullfont!
Missing character: There is no p in font nullfont!
Missing character: There is no n in font nullfont!
Missing character: There is no √ in font nullfont!
Missing character: There is no © in font nullfont!
Missing character: There is no z in font nullfont!
Missing character: There is no : in font nullfont!
! Undefined control sequence.
<recently read> \url 
                     
l.18 ...com/designtools/en/simdds/dtDDSMain.aspx}}
                                                  
The control sequence at the end of the top line
of your error message was never \def'ed. If you have
misspelled it (e.g., `\hobx'), type `I' and the correct
spelling (e.g., `I\hbox'). Otherwise just continue,
and I'll forget about whatever was undefined.


Overfull \hbox (29.66646pt too wide) in paragraph at lines 16--19
\OT1/cmr/m/it/10 Analog
 []


Overfull \hbox (15.72765pt too wide) in paragraph at lines 16--19
\OT1/cmr/m/it/10 De-
 []


Overfull \hbox (23.51093pt too wide) in paragraph at lines 16--19
\OT1/cmr/m/it/10 vices:
 []


Overfull \hbox (31.66675pt too wide) in paragraph at lines 16--19
\OT1/cmr/m/n/10 [$online$]$
 []


Overfull \hbox (16.6667pt too wide) in paragraph at lines 16--19
\OT1/cmr/m/n/10 [$cit.
 []


Overfull \hbox (13.33336pt too wide) in paragraph at lines 16--19
\OT1/cmr/m/n/10 13-
 []


Overfull \hbox (8.33334pt too wide) in paragraph at lines 16--19
\OT1/cmr/m/n/10 4-
 []


Overfull \hbox (22.77785pt too wide) in paragraph at lines 16--19
\OT1/cmr/m/n/10 2015$]$ 
 []


Overfull \hbox (304.49734pt too wide) in paragraph at lines 16--19
\OT1/cmtt/m/n/10 http://www.analog.com/designtools/en/simdds/dtDDSMain.aspx 
 []


! LaTeX Error: Lonely \item--perhaps a missing list environment.

See the LaTeX manual or LaTeX Companion for explanation.
Type  H <return>  for immediate help.
 ...                                              
                                                  
l.20 	\bibitem[4]{s.maslan@seznam.cz}
                                     
Try typing  <return>  to proceed.
If that doesn't work, type  X <return>  to quit.

\bibcite{s.maslan@seznam.cz}{4}
Missing character: There is no √ in font cmti10!
Missing character: There is no ° in font cmti10!
! Undefined control sequence.
l.22 		{\bf
            FFT na AVR $[$\textmd{online}$]$ $[$\textmd{cit. 13-4-2015}$]$}\\
The control sequence at the end of the top line
of your error message was never \def'ed. If you have
misspelled it (e.g., `\hobx'), type `I' and the correct
spelling (e.g., `I\hbox'). Otherwise just continue,
and I'll forget about whatever was undefined.

Missing character: There is no F in font nullfont!
Missing character: There is no F in font nullfont!
Missing character: There is no T in font nullfont!
Missing character: There is no n in font nullfont!
Missing character: There is no a in font nullfont!
Missing character: There is no A in font nullfont!
Missing character: There is no V in font nullfont!
Missing character: There is no R in font nullfont!
Missing character: There is no D in font nullfont!
Missing character: There is no o in font nullfont!
Missing character: There is no s in font nullfont!
Missing character: There is no t in font nullfont!
Missing character: There is no u in font nullfont!
Missing character: There is no p in font nullfont!
Missing character: There is no n in font nullfont!
Missing character: There is no √ in font nullfont!
Missing character: There is no © in font nullfont!
Missing character: There is no z in font nullfont!
Missing character: There is no : in font nullfont!
! Undefined control sequence.
<recently read> \url 
                     
l.23 ...teorie/transformation/AVRFFT/AVRFFT.html}}
                                                  
The control sequence at the end of the top line
of your error message was never \def'ed. If you have
misspelled it (e.g., `\hobx'), type `I' and the correct
spelling (e.g., `I\hbox'). Otherwise just continue,
and I'll forget about whatever was undefined.


Overfull \hbox (39.37755pt too wide) in paragraph at lines 21--24
\OT1/cmr/m/it/10 Vlastimil
 []


Overfull \hbox (27.85538pt too wide) in paragraph at lines 21--24
\OT1/cmr/m/it/10 Slintk:
 []


Overfull \hbox (31.66675pt too wide) in paragraph at lines 21--24
\OT1/cmr/m/n/10 [$online$]$
 []


Overfull \hbox (16.6667pt too wide) in paragraph at lines 21--24
\OT1/cmr/m/n/10 [$cit.
 []


Overfull \hbox (13.33336pt too wide) in paragraph at lines 21--24
\OT1/cmr/m/n/10 13-
 []


Overfull \hbox (8.33334pt too wide) in paragraph at lines 21--24
\OT1/cmr/m/n/10 4-
 []


Overfull \hbox (22.77785pt too wide) in paragraph at lines 21--24
\OT1/cmr/m/n/10 2015$]$ 
 []


Overfull \hbox (162.74858pt too wide) in paragraph at lines 21--24
\OT1/cmtt/m/n/10 http://elektronika.kvalitne.cz/ 
 []


Overfull \hbox (262.49771pt too wide) in paragraph at lines 21--24
\OT1/cmtt/m/n/10 ATMEL/necoteorie/transformation/AVRFFT/AVRFFT.html 
 []


! LaTeX Error: Lonely \item--perhaps a missing list environment.

See the LaTeX manual or LaTeX Companion for explanation.
Type  H <return>  for immediate help.
 ...                                              
                                                  
l.25 	\bibitem[5]{Mikael Q Kuisma}
                                  
Try typing  <return>  to proceed.
If that doesn't work, type  X <return>  to quit.

\bibcite{Mikael Q Kuisma}{5}
! Undefined control sequence.
l.27 		{\bf
            Spracov√°n√≠ I a Q sign√°l≈Ø $[$\textmd{online}$]$ \\$[$\textmd{...
The control sequence at the end of the top line
of your error message was never \def'ed. If you have
misspelled it (e.g., `\hobx'), type `I' and the correct
spelling (e.g., `I\hbox'). Otherwise just continue,
and I'll forget about whatever was undefined.

Missing character: There is no S in font nullfont!
Missing character: There is no p in font nullfont!
Missing character: There is no r in font nullfont!
Missing character: There is no a in font nullfont!
Missing character: There is no c in font nullfont!
Missing character: There is no o in font nullfont!
Missing character: There is no v in font nullfont!
Missing character: There is no √ in font nullfont!
Missing character: There is no ° in font nullfont!
Missing character: There is no n in font nullfont!
Missing character: There is no √ in font nullfont!
Missing character: There is no ≠ in font nullfont!
Missing character: There is no I in font nullfont!
Missing character: There is no a in font nullfont!
Missing character: There is no Q in font nullfont!
Missing character: There is no s in font nullfont!
Missing character: There is no i in font nullfont!
Missing character: There is no g in font nullfont!
Missing character: There is no n in font nullfont!
Missing character: There is no √ in font nullfont!
Missing character: There is no ° in font nullfont!
Missing character: There is no l in font nullfont!
Missing character: There is no ≈ in font nullfont!
Missing character: There is no Ø in font nullfont!
Missing character: There is no D in font nullfont!
Missing character: There is no o in font nullfont!
Missing character: There is no s in font nullfont!
Missing character: There is no t in font nullfont!
Missing character: There is no u in font nullfont!
Missing character: There is no p in font nullfont!
Missing character: There is no n in font nullfont!
Missing character: There is no √ in font nullfont!
Missing character: There is no © in font nullfont!
Missing character: There is no z in font nullfont!
Missing character: There is no : in font nullfont!
! Undefined control sequence.
<recently read> \url 
                     
l.28 ...tt{\url{http://whiteboard.ping.se/SDR/IQ}}
                                                  
The control sequence at the end of the top line
of your error message was never \def'ed. If you have
misspelled it (e.g., `\hobx'), type `I' and the correct
spelling (e.g., `I\hbox'). Otherwise just continue,
and I'll forget about whatever was undefined.


Overfull \hbox (28.89981pt too wide) in paragraph at lines 26--29
\OT1/cmr/m/it/10 Mikael
 []


Overfull \hbox (7.66663pt too wide) in paragraph at lines 26--29
\OT1/cmr/m/it/10 Q
 []


Overfull \hbox (36.56647pt too wide) in paragraph at lines 26--29
\OT1/cmr/m/it/10 Kuisma:
 []


Overfull \hbox (31.66675pt too wide) in paragraph at lines 26--29
\OT1/cmr/m/n/10 [$online$]$ 
 []


Overfull \hbox (16.6667pt too wide) in paragraph at lines 26--29
\OT1/cmr/m/n/10 [$cit.
 []


Overfull \hbox (13.33336pt too wide) in paragraph at lines 26--29
\OT1/cmr/m/n/10 13-
 []


Overfull \hbox (8.33334pt too wide) in paragraph at lines 26--29
\OT1/cmr/m/n/10 4-
 []


Overfull \hbox (22.77785pt too wide) in paragraph at lines 26--29
\OT1/cmr/m/n/10 2015$]$ 
 []


Overfull \hbox (167.99854pt too wide) in paragraph at lines 26--29
\OT1/cmtt/m/n/10 http://whiteboard.ping.se/SDR/IQ 
 []


! LaTeX Error: Lonely \item--perhaps a missing list environment.

See the LaTeX manual or LaTeX Companion for explanation.
Type  H <return>  for immediate help.
 ...                                              
                                                  
l.31 \bibitem[6]{Jarda OK1HDU}
                              
Try typing  <return>  to proceed.
If that doesn't work, type  X <return>  to quit.

\bibcite{Jarda OK1HDU}{6}
! Undefined control sequence.
l.33 		{\bf
            √övod do radio elektroniky $[$\textmd{online}$]$ \\$[$\textmd{ci...
The control sequence at the end of the top line
of your error message was never \def'ed. If you have
misspelled it (e.g., `\hobx'), type `I' and the correct
spelling (e.g., `I\hbox'). Otherwise just continue,
and I'll forget about whatever was undefined.

Missing character: There is no √ in font nullfont!
Missing character: There is no ö in font nullfont!
Missing character: There is no v in font nullfont!
Missing character: There is no o in font nullfont!
Missing character: There is no d in font nullfont!
Missing character: There is no d in font nullfont!
Missing character: There is no o in font nullfont!
Missing character: There is no r in font nullfont!
Missing character: There is no a in font nullfont!
Missing character: There is no d in font nullfont!
Missing character: There is no i in font nullfont!
Missing character: There is no o in font nullfont!
Missing character: There is no e in font nullfont!
Missing character: There is no l in font nullfont!
Missing character: There is no e in font nullfont!
Missing character: There is no k in font nullfont!
Missing character: There is no t in font nullfont!
Missing character: There is no r in font nullfont!
Missing character: There is no o in font nullfont!
Missing character: There is no n in font nullfont!
Missing character: There is no i in font nullfont!
Missing character: There is no k in font nullfont!
Missing character: There is no y in font nullfont!
Missing character: There is no D in font nullfont!
Missing character: There is no o in font nullfont!
Missing character: There is no s in font nullfont!
Missing character: There is no t in font nullfont!
Missing character: There is no u in font nullfont!
Missing character: There is no p in font nullfont!
Missing character: There is no n in font nullfont!
Missing character: There is no √ in font nullfont!
Missing character: There is no © in font nullfont!
Missing character: There is no z in font nullfont!
Missing character: There is no : in font nullfont!
! Undefined control sequence.
<recently read> \url 
                     
l.34 ...all-phpRS-all\&rstema=13\&stromhlmenu=13}}
                                                  
The control sequence at the end of the top line
of your error message was never \def'ed. If you have
misspelled it (e.g., `\hobx'), type `I' and the correct
spelling (e.g., `I\hbox'). Otherwise just continue,
and I'll forget about whatever was undefined.


Overfull \hbox (24.28871pt too wide) in paragraph at lines 32--35
\OT1/cmr/m/it/10 Jarda
 []


Overfull \hbox (45.94972pt too wide) in paragraph at lines 32--35
\OT1/cmr/m/it/10 OK1HDU:
 []


Overfull \hbox (31.66675pt too wide) in paragraph at lines 32--35
\OT1/cmr/m/n/10 [$online$]$ 
 []


Overfull \hbox (16.6667pt too wide) in paragraph at lines 32--35
\OT1/cmr/m/n/10 [$cit.
 []


Overfull \hbox (13.33336pt too wide) in paragraph at lines 32--35
\OT1/cmr/m/n/10 13-
 []


Overfull \hbox (8.33334pt too wide) in paragraph at lines 32--35
\OT1/cmr/m/n/10 4-
 []


Overfull \hbox (22.77785pt too wide) in paragraph at lines 32--35
\OT1/cmr/m/n/10 2015$]$ 
 []


Overfull \hbox (131.24886pt too wide) in paragraph at lines 32--35
\OT1/cmtt/m/n/10 http://599.cz/search.php? 
 []


Overfull \hbox (314.99725pt too wide) in paragraph at lines 32--35
\OT1/cmtt/m/n/10 rsvelikost=sab&rstext=all-phpRS-all&rstema=13&stromhlmenu=13 
 []


! LaTeX Error: Lonely \item--perhaps a missing list environment.

See the LaTeX manual or LaTeX Companion for explanation.
Type  H <return>  for immediate help.
 ...                                              
                                                  
l.37 \bibitem[7]{OK2IP}
                       
Try typing  <return>  to proceed.
If that doesn't work, type  X <return>  to quit.

\bibcite{OK2IP}{7}
! Undefined control sequence.
l.39 		{\bf
            web zab√Ωvaj√≠c√≠ se problematikou SDR $[$\textmd{online}$]$ \\$...
The control sequence at the end of the top line
of your error message was never \def'ed. If you have
misspelled it (e.g., `\hobx'), type `I' and the correct
spelling (e.g., `I\hbox'). Otherwise just continue,
and I'll forget about whatever was undefined.

Missing character: There is no w in font nullfont!
Missing character: There is no e in font nullfont!
Missing character: There is no b in font nullfont!
Missing character: There is no z in font nullfont!
Missing character: There is no a in font nullfont!
Missing character: There is no b in font nullfont!
Missing character: There is no √ in font nullfont!
Missing character: There is no Ω in font nullfont!
Missing character: There is no v in font nullfont!
Missing character: There is no a in font nullfont!
Missing character: There is no j in font nullfont!
Missing character: There is no √ in font nullfont!
Missing character: There is no ≠ in font nullfont!
Missing character: There is no c in font nullfont!
Missing character: There is no √ in font nullfont!
Missing character: There is no ≠ in font nullfont!
Missing character: There is no s in font nullfont!
Missing character: There is no e in font nullfont!
Missing character: There is no p in font nullfont!
Missing character: There is no r in font nullfont!
Missing character: There is no o in font nullfont!
Missing character: There is no b in font nullfont!
Missing character: There is no l in font nullfont!
Missing character: There is no e in font nullfont!
Missing character: There is no m in font nullfont!
Missing character: There is no a in font nullfont!
Missing character: There is no t in font nullfont!
Missing character: There is no i in font nullfont!
Missing character: There is no k in font nullfont!
Missing character: There is no o in font nullfont!
Missing character: There is no u in font nullfont!
Missing character: There is no S in font nullfont!
Missing character: There is no D in font nullfont!
Missing character: There is no R in font nullfont!
Missing character: There is no D in font nullfont!
Missing character: There is no o in font nullfont!
Missing character: There is no s in font nullfont!
Missing character: There is no t in font nullfont!
Missing character: There is no u in font nullfont!
Missing character: There is no p in font nullfont!
Missing character: There is no n in font nullfont!
Missing character: There is no √ in font nullfont!
Missing character: There is no © in font nullfont!
Missing character: There is no z in font nullfont!
Missing character: There is no : in font nullfont!
! Undefined control sequence.
<recently read> \url 
                     
l.40 ...pn√© z: \texttt{\url{http://sdr.ipip.cz/}}
                                                  
The control sequence at the end of the top line
of your error message was never \def'ed. If you have
misspelled it (e.g., `\hobx'), type `I' and the correct
spelling (e.g., `I\hbox'). Otherwise just continue,
and I'll forget about whatever was undefined.


Overfull \hbox (34.17203pt too wide) in paragraph at lines 38--41
\OT1/cmr/m/it/10 OK2IP:
 []


Overfull \hbox (31.66675pt too wide) in paragraph at lines 38--41
\OT1/cmr/m/n/10 [$online$]$ 
 []


Overfull \hbox (16.6667pt too wide) in paragraph at lines 38--41
\OT1/cmr/m/n/10 [$cit.
 []


Overfull \hbox (13.33336pt too wide) in paragraph at lines 38--41
\OT1/cmr/m/n/10 13-
 []


Overfull \hbox (8.33334pt too wide) in paragraph at lines 38--41
\OT1/cmr/m/n/10 4-
 []


Overfull \hbox (22.77785pt too wide) in paragraph at lines 38--41
\OT1/cmr/m/n/10 2015$]$ 
 []


Overfull \hbox (99.74913pt too wide) in paragraph at lines 38--41
\OT1/cmtt/m/n/10 http://sdr.ipip.cz/ 
 []


! LaTeX Error: Lonely \item--perhaps a missing list environment.

See the LaTeX manual or LaTeX Companion for explanation.
Type  H <return>  for immediate help.
 ...                                              
                                                  
l.43 \bibitem[8]{komunitn√≠ projekt}
                                    
Try typing  <return>  to proceed.
If that doesn't work, type  X <return>  to quit.

\bibcite{komunitn√≠ projekt}{8}
Missing character: There is no √ in font cmti10!
Missing character: There is no ≠ in font cmti10!
! Undefined control sequence.
l.45 		{\bf
            knihovny urƒçen√© ke zpracov√°n√≠ sign√°lu $[$\textmd{online}$]$...
The control sequence at the end of the top line
of your error message was never \def'ed. If you have
misspelled it (e.g., `\hobx'), type `I' and the correct
spelling (e.g., `I\hbox'). Otherwise just continue,
and I'll forget about whatever was undefined.

Missing character: There is no k in font nullfont!
Missing character: There is no n in font nullfont!
Missing character: There is no i in font nullfont!
Missing character: There is no h in font nullfont!
Missing character: There is no o in font nullfont!
Missing character: There is no v in font nullfont!
Missing character: There is no n in font nullfont!
Missing character: There is no y in font nullfont!
Missing character: There is no u in font nullfont!
Missing character: There is no r in font nullfont!
Missing character: There is no ƒ in font nullfont!
Missing character: There is no ç in font nullfont!
Missing character: There is no e in font nullfont!
Missing character: There is no n in font nullfont!
Missing character: There is no √ in font nullfont!
Missing character: There is no © in font nullfont!
Missing character: There is no k in font nullfont!
Missing character: There is no e in font nullfont!
Missing character: There is no z in font nullfont!
Missing character: There is no p in font nullfont!
Missing character: There is no r in font nullfont!
Missing character: There is no a in font nullfont!
Missing character: There is no c in font nullfont!
Missing character: There is no o in font nullfont!
Missing character: There is no v in font nullfont!
Missing character: There is no √ in font nullfont!
Missing character: There is no ° in font nullfont!
Missing character: There is no n in font nullfont!
Missing character: There is no √ in font nullfont!
Missing character: There is no ≠ in font nullfont!
Missing character: There is no s in font nullfont!
Missing character: There is no i in font nullfont!
Missing character: There is no g in font nullfont!
Missing character: There is no n in font nullfont!
Missing character: There is no √ in font nullfont!
Missing character: There is no ° in font nullfont!
Missing character: There is no l in font nullfont!
Missing character: There is no u in font nullfont!
Missing character: There is no D in font nullfont!
Missing character: There is no o in font nullfont!
Missing character: There is no s in font nullfont!
Missing character: There is no t in font nullfont!
Missing character: There is no u in font nullfont!
Missing character: There is no p in font nullfont!
Missing character: There is no n in font nullfont!
Missing character: There is no √ in font nullfont!
Missing character: There is no © in font nullfont!
Missing character: There is no z in font nullfont!
Missing character: There is no : in font nullfont!
! Undefined control sequence.
<recently read> \url 
                     
l.46 ...radio.org/redmine/projects/gnuradio/wiki}}
                                                  
The control sequence at the end of the top line
of your error message was never \def'ed. If you have
misspelled it (e.g., `\hobx'), type `I' and the correct
spelling (e.g., `I\hbox'). Otherwise just continue,
and I'll forget about whatever was undefined.


Overfull \hbox (40.88864pt too wide) in paragraph at lines 44--47
\OT1/cmr/m/it/10 komunitn
 []


Overfull \hbox (17.50542pt too wide) in paragraph at lines 44--47
\OT1/cmr/m/it/10 pro-
 []


Overfull \hbox (18.65541pt too wide) in paragraph at lines 44--47
\OT1/cmr/m/it/10 jekt:
 []


Overfull \hbox (31.66675pt too wide) in paragraph at lines 44--47
\OT1/cmr/m/n/10 [$online$]$ 
 []


Overfull \hbox (16.6667pt too wide) in paragraph at lines 44--47
\OT1/cmr/m/n/10 [$cit.
 []


Overfull \hbox (13.33336pt too wide) in paragraph at lines 44--47
\OT1/cmr/m/n/10 13-
 []


Overfull \hbox (8.33334pt too wide) in paragraph at lines 44--47
\OT1/cmr/m/n/10 4-
 []


Overfull \hbox (22.77785pt too wide) in paragraph at lines 44--47
\OT1/cmr/m/n/10 2015$]$ 
 []


Overfull \hbox (262.49771pt too wide) in paragraph at lines 44--47
\OT1/cmtt/m/n/10 http://gnuradio.org/redmine/projects/gnuradio/wiki 
 []


! LaTeX Error: Lonely \item--perhaps a missing list environment.

See the LaTeX manual or LaTeX Companion for explanation.
Type  H <return>  for immediate help.
 ...                                              
                                                  
l.49 \bibitem[9]{komunitn√≠ projekt}
                                    
Try typing  <return>  to proceed.
If that doesn't work, type  X <return>  to quit.

\bibcite{komunitn√≠ projekt}{9}
! Undefined control sequence.
l.51 		{\bf
            software pro zpracov√°n√≠ sign√°lu $[$\textmd{online}$]$ \\$[$\t...
The control sequence at the end of the top line
of your error message was never \def'ed. If you have
misspelled it (e.g., `\hobx'), type `I' and the correct
spelling (e.g., `I\hbox'). Otherwise just continue,
and I'll forget about whatever was undefined.

Missing character: There is no s in font nullfont!
Missing character: There is no o in font nullfont!
Missing character: There is no f in font nullfont!
Missing character: There is no t in font nullfont!
Missing character: There is no w in font nullfont!
Missing character: There is no a in font nullfont!
Missing character: There is no r in font nullfont!
Missing character: There is no e in font nullfont!
Missing character: There is no p in font nullfont!
Missing character: There is no r in font nullfont!
Missing character: There is no o in font nullfont!
Missing character: There is no z in font nullfont!
Missing character: There is no p in font nullfont!
Missing character: There is no r in font nullfont!
Missing character: There is no a in font nullfont!
Missing character: There is no c in font nullfont!
Missing character: There is no o in font nullfont!
Missing character: There is no v in font nullfont!
Missing character: There is no √ in font nullfont!
Missing character: There is no ° in font nullfont!
Missing character: There is no n in font nullfont!
Missing character: There is no √ in font nullfont!
Missing character: There is no ≠ in font nullfont!
Missing character: There is no s in font nullfont!
Missing character: There is no i in font nullfont!
Missing character: There is no g in font nullfont!
Missing character: There is no n in font nullfont!
Missing character: There is no √ in font nullfont!
Missing character: There is no ° in font nullfont!
Missing character: There is no l in font nullfont!
Missing character: There is no u in font nullfont!
Missing character: There is no D in font nullfont!
Missing character: There is no o in font nullfont!
Missing character: There is no s in font nullfont!
Missing character: There is no t in font nullfont!
Missing character: There is no u in font nullfont!
Missing character: There is no p in font nullfont!
Missing character: There is no n in font nullfont!
Missing character: There is no √ in font nullfont!
Missing character: There is no © in font nullfont!
Missing character: There is no z in font nullfont!
Missing character: There is no : in font nullfont!
! Undefined control sequence.
<recently read> \url 
                     
l.52 ...n√© z: \texttt{\url{http://sdrsharp.com/}}
                                                  
The control sequence at the end of the top line
of your error message was never \def'ed. If you have
misspelled it (e.g., `\hobx'), type `I' and the correct
spelling (e.g., `I\hbox'). Otherwise just continue,
and I'll forget about whatever was undefined.


Overfull \hbox (3.06665pt too wide) in paragraph at lines 50--53
\OT1/cmr/m/it/10 :
 []


Overfull \hbox (31.66675pt too wide) in paragraph at lines 50--53
\OT1/cmr/m/n/10 [$online$]$ 
 []


Overfull \hbox (16.6667pt too wide) in paragraph at lines 50--53
\OT1/cmr/m/n/10 [$cit.
 []


Overfull \hbox (13.33336pt too wide) in paragraph at lines 50--53
\OT1/cmr/m/n/10 13-
 []


Overfull \hbox (8.33334pt too wide) in paragraph at lines 50--53
\OT1/cmr/m/n/10 4-
 []


Overfull \hbox (22.77785pt too wide) in paragraph at lines 50--53
\OT1/cmr/m/n/10 2015$]$ 
 []


Overfull \hbox (104.99908pt too wide) in paragraph at lines 50--53
\OT1/cmtt/m/n/10 http://sdrsharp.com/ 
 []


! LaTeX Error: \begin{document} ended by \end{thebibliography}.

See the LaTeX manual or LaTeX Companion for explanation.
Type  H <return>  for immediate help.
 ...                                              
                                                  
l.56 \end{thebibliography}
                          
Your command was ignored.
Type  I <command> <return>  to replace it with another command,
or  <return>  to continue without it.


! LaTeX Error: The font size command \normalsize is not defined:
               there is probably something wrong with the class file.

See the LaTeX manual or LaTeX Companion for explanation.
Type  H <return>  for immediate help.
 ...                                              
                                                  
l.58 \clearpage
               
Your command was ignored.
Type  I <command> <return>  to replace it with another command,
or  <return>  to continue without it.

[1

{/var/lib/texmf/fonts/map/pdftex/updmap/pdftex.map}
! Undefined control sequence.
<write> ...ry a studijn√≠ch materi√°l≈Ø}{\thepage 
                                                  }}
l.58 \clearpage
               
The control sequence at the end of the top line
of your error message was never \def'ed. If you have
misspelled it (e.g., `\hobx'), type `I' and the correct
spelling (e.g., `I\hbox'). Otherwise just continue,
and I'll forget about whatever was undefined.

\@writefile{toc}{\contentsline {section}{Seznam pou≈æit√© literatury a studijn√
≠ch materi√°l≈Ø}{}}
])
! Emergency stop.
<*> litoska.tex
               
*** (job aborted, no legal \end found)

 
Here is how much of TeX's memory you used:
 19 strings out of 494953
 275 string characters out of 6179185
 49178 words of memory out of 5000000
 3336 multiletter control sequences out of 15000+600000
 4154 words of font info for 16 fonts, out of 8000000 for 9000
 46 hyphenation exceptions out of 8191
 18i,4n,12p,217b,113s stack positions out of 5000i,500n,10000p,200000b,80000s
!  ==> Fatal error occurred, no output PDF file produced!
