\BOOKMARK [1][]{section*.6}{\332vod}{}% 1
\BOOKMARK [1][]{section.1}{Koncepce prij\355mace}{}% 2
\BOOKMARK [1][]{section.2}{N\355zko\235umov\375 selektivn\355 zesilovac}{}% 3
\BOOKMARK [1][]{section.3}{R\355d\355c\355 jednotka}{}% 4
\BOOKMARK [1][]{section.4}{Lok\341ln\355 oscil\341tor}{}% 5
\BOOKMARK [2][]{subsection.4.1}{V\375pocet konfiguracn\355ho slova}{section.4}% 6
\BOOKMARK [3][]{subsubsection.4.1.1}{Konfigurace DDS}{subsection.4.1}% 7
\BOOKMARK [3][]{subsubsection.4.1.2}{Konfigurace pomoc\355 paraleln\355ho rozhran\355}{subsection.4.1}% 8
\BOOKMARK [3][]{subsubsection.4.1.3}{Konfigurace pomoc\355 s\351riov\351ho rozhran\355}{subsection.4.1}% 9
\BOOKMARK [2][]{subsection.4.2}{Popis funkce bloku}{section.4}% 10
\BOOKMARK [1][]{section.5}{Sme\235ovac\355 blok}{}% 11
\BOOKMARK [2][]{subsection.5.1}{Popis funkce bloku}{section.5}% 12
\BOOKMARK [1][]{section.6}{Zdroj napet\355}{}% 13
\BOOKMARK [1][]{section.7}{Softwarov\351 zpracov\341n\355}{}% 14
\BOOKMARK [2][]{subsection.7.1}{Z\341kladn\355 princip zpracov\341n\355}{section.7}% 15
\BOOKMARK [2][]{subsection.7.2}{Sharp SDR}{section.7}% 16
\BOOKMARK [1][]{section.8}{N\341vod k obsluze zar\355zen\355}{}% 17
\BOOKMARK [1][]{section*.7}{Z\341ver}{}% 18
\BOOKMARK [1][]{section*.8}{Seznam pou\236it\351 literatury a studijn\355ch materi\341lu}{}% 19
\BOOKMARK [1][]{section*.9}{Seznam tabulek}{}% 20
\BOOKMARK [1][]{section*.10}{Seznam obr\341zku}{}% 21
\BOOKMARK [1][]{appendix.A}{PR\315LOHA}{}% 22
\BOOKMARK [2][]{subsection.A.1}{Obsah prilo\236en\351ho DVD}{appendix.A}% 23
